{"/home/ricardo.ruiz/dev/pessoal/react-typescript-webpack-boilerplate/src/App.tsx": {"path":"/home/ricardo.ruiz/dev/pessoal/react-typescript-webpack-boilerplate/src/App.tsx","statementMap":{"0":{"start":{"line":3,"column":30},"end":{"line":9,"column":1}},"1":{"start":{"line":4,"column":4},"end":{"line":8,"column":5}}},"fnMap":{"0":{"name":"(anonymous_0)","decl":{"start":{"line":3,"column":30},"end":{"line":3,"column":31}},"loc":{"start":{"line":3,"column":36},"end":{"line":9,"column":1}},"line":3}},"branchMap":{},"s":{"0":0,"1":0},"f":{"0":0},"b":{}}
,"/home/ricardo.ruiz/dev/pessoal/react-typescript-webpack-boilerplate/src/index.tsx": {"path":"/home/ricardo.ruiz/dev/pessoal/react-typescript-webpack-boilerplate/src/index.tsx","statementMap":{"0":{"start":{"line":6,"column":0},"end":{"line":6,"column":57}}},"fnMap":{},"branchMap":{},"s":{"0":0},"f":{},"b":{}}
,"/home/ricardo.ruiz/dev/pessoal/react-typescript-webpack-boilerplate/src/components/Button/index.tsx": {"path":"/home/ricardo.ruiz/dev/pessoal/react-typescript-webpack-boilerplate/src/components/Button/index.tsx","statementMap":{"0":{"start":{"line":3,"column":22},"end":{"line":9,"column":1}},"1":{"start":{"line":4,"column":2},"end":{"line":8,"column":3}}},"fnMap":{"0":{"name":"(anonymous_0)","decl":{"start":{"line":3,"column":22},"end":{"line":3,"column":23}},"loc":{"start":{"line":3,"column":28},"end":{"line":9,"column":1}},"line":3}},"branchMap":{},"s":{"0":1,"1":1},"f":{"0":1},"b":{},"_coverageSchema":"1a1c01bbd47fc00a2c39e90264f33305004495a9","hash":"852f05647440aa789b2bb648c8223cabd32685f0"}
}
